0 info it worked if it ends with ok
1 verbose cli [ 'node', '/Users/tom/.nvm/v0.10.36/bin/npm', 'publish' ]
2 info using npm@2.4.1
3 info using node@v0.10.36
4 verbose publish [ '.' ]
5 silly cache add args [ '.', null ]
6 verbose cache add spec .
7 silly cache add parsed spec { raw: '.',
7 silly cache add   scope: null,
7 silly cache add   name: null,
7 silly cache add   rawSpec: '.',
7 silly cache add   spec: '/Users/tom/code/socket-io/socket.io-p2p-server',
7 silly cache add   type: 'directory' }
8 verbose addLocalDirectory /Users/tom/.npm/socket.io-p2p-server/1.0.0/package.tgz not in flight; packing
9 verbose tar pack [ '/Users/tom/.npm/socket.io-p2p-server/1.0.0/package.tgz',
9 verbose tar pack   '/Users/tom/code/socket-io/socket.io-p2p-server' ]
10 verbose tarball /Users/tom/.npm/socket.io-p2p-server/1.0.0/package.tgz
11 verbose folder /Users/tom/code/socket-io/socket.io-p2p-server
12 info prepublish socket.io-p2p-server@1.0.0
13 verbose addLocalTarball adding from inside cache /Users/tom/.npm/socket.io-p2p-server/1.0.0/package.tgz
14 silly cache afterAdd socket.io-p2p-server@1.0.0
15 verbose afterAdd /Users/tom/.npm/socket.io-p2p-server/1.0.0/package/package.json not in flight; writing
16 verbose afterAdd /Users/tom/.npm/socket.io-p2p-server/1.0.0/package/package.json written
17 silly publish { name: 'socket.io-p2p-server',
17 silly publish   version: '1.0.0',
17 silly publish   description: 'Server middleware to power socket.io-p2p. Handles signalling.',
17 silly publish   author:
17 silly publish    { name: 'Tom Cartwright',
17 silly publish      email: 'tecartwright@gmail.com',
17 silly publish      url: 'http://tomcartwright.net' },
17 silly publish   main: 'index.js',
17 silly publish   scripts: { test: 'mocha test/index.js' },
17 silly publish   repository:
17 silly publish    { type: 'git',
17 silly publish      url: 'https://github.com/tomcartwrightuk/socket.io-p2p-server' },
17 silly publish   keywords: [ 'webrtc', 'peer-to-peer' ],
17 silly publish   license: 'MIT',
17 silly publish   bugs: { url: 'https://github.com/tomcartwrightuk/socket.io-p2p-server/issues' },
17 silly publish   homepage: 'https://github.com/tomcartwrightuk/socket.io-p2p-server',
17 silly publish   dependencies:
17 silly publish    { chai: '~2.1.2',
17 silly publish      debug: '~2.1.2',
17 silly publish      mocha: '~2.2.1',
17 silly publish      sinon: '~1.14.1',
17 silly publish      'sinon-chai': '~2.7.0' },
17 silly publish   readme: 'Socket.io-p2p-server\n====================\n\nThe socket.io middleware that powers [socket.io-p2p](https://github.com/tomcartwrightuk/socket.io-p2p). It handles passing signalling data between all peers. Just include the middleware and everything is handled for you.\n\n## How to use\n\nSimple require the module and [use]("http://socket.io/docs/server-api/#namespace#use(fn:function):namespace") it.\n\n```\nvar p2pserver = require(\'socket.io-p2p-server\')\nvar io = require(\'socket.io\')(server);\nio.use(p2pserver)\n```\n\nFor example, in an express powered app, you can do the following:\n\n```\nvar app = require(\'express\')()\nvar server = require(\'http\').Server(app)\nvar p2pserver = require(\'socket.io-p2p-server\')\nvar io = require(\'socket.io\')(server)\n\napp.use(express.static(__dirname))\nio.use(p2pserver)\n\nserver.listen(3030, function () {\n  console.log("Listening on 3030")\n})\n```\n',
17 silly publish   readmeFilename: 'README.md',
17 silly publish   gitHead: 'ca236eccd89d3736b933a6f898e65b2baf868ef2',
17 silly publish   _id: 'socket.io-p2p-server@1.0.0',
17 silly publish   _shasum: '3eb9d358148cbc40e829bf923205cdd628378592',
17 silly publish   _from: '.' }
18 silly mapToRegistry name socket.io-p2p-server
19 silly mapToRegistry using default registry
20 silly mapToRegistry registry https://registry.npmjs.org/
21 silly mapToRegistry uri https://registry.npmjs.org/socket.io-p2p-server
22 verbose publish registryBase https://registry.npmjs.org/
23 silly publish uploading /Users/tom/.npm/socket.io-p2p-server/1.0.0/package.tgz
24 verbose request uri https://registry.npmjs.org/socket.io-p2p-server
25 verbose request sending authorization for write operation
26 info attempt registry request try #1 at 22:49:48
27 verbose request using bearer token for auth
28 verbose request id 70a7fa43aed40cb6
29 http request PUT https://registry.npmjs.org/socket.io-p2p-server
30 http 409 https://registry.npmjs.org/socket.io-p2p-server
31 verbose headers { date: 'Tue, 24 Mar 2015 22:49:49 GMT',
31 verbose headers   server: 'Apache',
31 verbose headers   'content-type': 'application/json',
31 verbose headers   'cache-control': 'max-age=60',
31 verbose headers   'content-length': '17',
31 verbose headers   'accept-ranges': 'bytes',
31 verbose headers   via: '1.1 varnish',
31 verbose headers   'x-served-by': 'cache-lcy1131-LCY',
31 verbose headers   'x-cache': 'MISS',
31 verbose headers   'x-cache-hits': '0',
31 verbose headers   'x-timer': 'S1427237388.958372,VS0,VE691',
31 verbose headers   'keep-alive': 'timeout=10, max=50',
31 verbose headers   connection: 'Keep-Alive' }
32 verbose request invalidating /Users/tom/.npm/registry.npmjs.org/socket.io-p2p-server on PUT
33 verbose request uri https://registry.npmjs.org/socket.io-p2p-server?write=true
34 verbose request no auth needed
35 info attempt registry request try #1 at 22:49:49
36 verbose request using bearer token for auth
37 http request GET https://registry.npmjs.org/socket.io-p2p-server?write=true
38 http 200 https://registry.npmjs.org/socket.io-p2p-server?write=true
39 verbose stack Error: cannot modify pre-existing version
39 verbose stack     at conflictError (/Users/tom/.nvm/v0.10.36/lib/node_modules/npm/node_modules/npm-registry-client/lib/publish.js:184:11)
39 verbose stack     at CachingRegistryClient.putNext (/Users/tom/.nvm/v0.10.36/lib/node_modules/npm/node_modules/npm-registry-client/lib/publish.js:147:15)
39 verbose stack     at /Users/tom/.nvm/v0.10.36/lib/node_modules/npm/node_modules/npm-registry-client/lib/publish.js:129:15
39 verbose stack     at /Users/tom/.nvm/v0.10.36/lib/node_modules/npm/lib/cache/caching-client.js:52:8
39 verbose stack     at f (/Users/tom/.nvm/v0.10.36/lib/node_modules/npm/node_modules/once/once.js:17:25)
39 verbose stack     at /Users/tom/.nvm/v0.10.36/lib/node_modules/npm/node_modules/npm-registry-client/lib/request.js:73:16
39 verbose stack     at f (/Users/tom/.nvm/v0.10.36/lib/node_modules/npm/node_modules/once/once.js:17:25)
39 verbose stack     at CachingRegistryClient.<anonymous> (/Users/tom/.nvm/v0.10.36/lib/node_modules/npm/node_modules/npm-registry-client/lib/request.js:262:12)
39 verbose stack     at Request._callback (/Users/tom/.nvm/v0.10.36/lib/node_modules/npm/node_modules/npm-registry-client/lib/request.js:178:14)
39 verbose stack     at Request.self.callback (/Users/tom/.nvm/v0.10.36/lib/node_modules/npm/node_modules/request/request.js:373:22)
40 verbose pkgid socket.io-p2p-server
41 verbose cwd /Users/tom/code/socket-io/socket.io-p2p-server
42 error Darwin 14.1.0
43 error argv "node" "/Users/tom/.nvm/v0.10.36/bin/npm" "publish"
44 error node v0.10.36
45 error npm  v2.4.1
46 error code EPUBLISHCONFLICT
47 error publish fail Cannot publish over existing version.
47 error publish fail Update the 'version' field in package.json and try again.
47 error publish fail
47 error publish fail To automatically increment version numbers, see:
47 error publish fail     npm help version
48 verbose exit [ 1, true ]
